<?xml version="1.0" encoding="UTF-8"?>
<!-- Generated by org.testng.reporters.JUnitReportReporter -->
<testsuite hostname="DESKTOP-H7RB8LA" failures="0" tests="1" name="gitTesting.Test1" time="0.017" errors="0" timestamp="2022-07-19T18:44:00 IST" skipped="0">
  <testcase classname="gitTesting.Test1" name="testString" time="0.017"/>
  <system-out/>
</testsuite> <!-- gitTesting.Test1 -->
