<?xml version="1.0" encoding="UTF-8"?>
<!-- Generated by org.testng.reporters.JUnitReportReporter -->
<testsuite hostname="DESKTOP-H7RB8LA" failures="0" tests="1" name="gitTesting.Test2" time="0.017" errors="0" timestamp="2022-07-20T15:40:31 IST" skipped="0">
  <testcase classname="gitTesting.Test2" name="testString" time="0.017"/>
  <system-out/>
</testsuite> <!-- gitTesting.Test2 -->
